[2025-09-14 13:48:42Z INFO HostContext] No proxy settings were found based on environmental variables (http_proxy/https_proxy/HTTP_PROXY/HTTPS_PROXY)
[2025-09-14 13:48:42Z INFO HostContext] Well known directory 'Bin': 'D:\A Teknik Informatika\TUGAS TIF\Semester 7\MLOps\mlops-ci-cd-wine\actions-runner\actions-runner\bin'
[2025-09-14 13:48:42Z INFO HostContext] Well known directory 'Root': 'D:\A Teknik Informatika\TUGAS TIF\Semester 7\MLOps\mlops-ci-cd-wine\actions-runner\actions-runner'
[2025-09-14 13:48:42Z INFO HostContext] Well known config file 'Credentials': 'D:\A Teknik Informatika\TUGAS TIF\Semester 7\MLOps\mlops-ci-cd-wine\actions-runner\actions-runner\.credentials'
[2025-09-14 13:48:43Z INFO HostContext] Well known directory 'Bin': 'D:\A Teknik Informatika\TUGAS TIF\Semester 7\MLOps\mlops-ci-cd-wine\actions-runner\actions-runner\bin'
[2025-09-14 13:48:43Z INFO HostContext] Well known directory 'Root': 'D:\A Teknik Informatika\TUGAS TIF\Semester 7\MLOps\mlops-ci-cd-wine\actions-runner\actions-runner'
[2025-09-14 13:48:43Z INFO HostContext] Well known config file 'Runner': 'D:\A Teknik Informatika\TUGAS TIF\Semester 7\MLOps\mlops-ci-cd-wine\actions-runner\actions-runner\.runner'
[2025-09-14 13:48:43Z INFO Listener] Runner is built for Windows (X64) - win-x64.
[2025-09-14 13:48:43Z INFO Listener] RuntimeInformation: Microsoft Windows 10.0.26100.
[2025-09-14 13:48:43Z INFO Listener] Version: 2.328.0
[2025-09-14 13:48:43Z INFO Listener] Commit: 6f9a9110adce65f44ca6f7c0ae142b9cc6af937b
[2025-09-14 13:48:43Z INFO Listener] Culture: en-US
[2025-09-14 13:48:43Z INFO Listener] UI Culture: en-US
[2025-09-14 13:48:43Z INFO HostContext] Well known directory 'Bin': 'D:\A Teknik Informatika\TUGAS TIF\Semester 7\MLOps\mlops-ci-cd-wine\actions-runner\actions-runner\bin'
[2025-09-14 13:48:43Z INFO HostContext] Well known directory 'Root': 'D:\A Teknik Informatika\TUGAS TIF\Semester 7\MLOps\mlops-ci-cd-wine\actions-runner\actions-runner'
[2025-09-14 13:48:43Z INFO Listener] Validating directory permissions for: 'D:\A Teknik Informatika\TUGAS TIF\Semester 7\MLOps\mlops-ci-cd-wine\actions-runner\actions-runner'
[2025-09-14 13:48:43Z INFO CommandLineParser] Parse
[2025-09-14 13:48:43Z INFO CommandLineParser] Parsing 3 args
[2025-09-14 13:48:43Z INFO CommandLineParser] parsing argument
[2025-09-14 13:48:43Z INFO CommandLineParser] HasArgs: False
[2025-09-14 13:48:43Z INFO CommandLineParser] Adding Command: run
[2025-09-14 13:48:43Z INFO CommandLineParser] parsing argument
[2025-09-14 13:48:43Z INFO CommandLineParser] HasArgs: True
[2025-09-14 13:48:43Z INFO CommandLineParser] arg: startuptype
[2025-09-14 13:48:43Z INFO CommandLineParser] parsing argument
[2025-09-14 13:48:43Z INFO CommandLineParser] HasArgs: True
[2025-09-14 13:48:43Z INFO CommandLineParser] Adding option 'startuptype': 'service'
[2025-09-14 13:48:43Z INFO Listener] Arguments parsed
[2025-09-14 13:48:43Z INFO Runner] ExecuteCommand
[2025-09-14 13:48:43Z INFO ConfigurationStore] currentAssemblyLocation: D:\A Teknik Informatika\TUGAS TIF\Semester 7\MLOps\mlops-ci-cd-wine\actions-runner\actions-runner\bin\Runner.Listener.dll
[2025-09-14 13:48:43Z INFO HostContext] Well known directory 'Bin': 'D:\A Teknik Informatika\TUGAS TIF\Semester 7\MLOps\mlops-ci-cd-wine\actions-runner\actions-runner\bin'
[2025-09-14 13:48:43Z INFO ConfigurationStore] binPath: D:\A Teknik Informatika\TUGAS TIF\Semester 7\MLOps\mlops-ci-cd-wine\actions-runner\actions-runner\bin
[2025-09-14 13:48:43Z INFO HostContext] Well known directory 'Bin': 'D:\A Teknik Informatika\TUGAS TIF\Semester 7\MLOps\mlops-ci-cd-wine\actions-runner\actions-runner\bin'
[2025-09-14 13:48:43Z INFO HostContext] Well known directory 'Root': 'D:\A Teknik Informatika\TUGAS TIF\Semester 7\MLOps\mlops-ci-cd-wine\actions-runner\actions-runner'
[2025-09-14 13:48:43Z INFO ConfigurationStore] RootFolder: D:\A Teknik Informatika\TUGAS TIF\Semester 7\MLOps\mlops-ci-cd-wine\actions-runner\actions-runner
[2025-09-14 13:48:43Z INFO HostContext] Well known directory 'Bin': 'D:\A Teknik Informatika\TUGAS TIF\Semester 7\MLOps\mlops-ci-cd-wine\actions-runner\actions-runner\bin'
[2025-09-14 13:48:43Z INFO HostContext] Well known directory 'Root': 'D:\A Teknik Informatika\TUGAS TIF\Semester 7\MLOps\mlops-ci-cd-wine\actions-runner\actions-runner'
[2025-09-14 13:48:43Z INFO HostContext] Well known config file 'Runner': 'D:\A Teknik Informatika\TUGAS TIF\Semester 7\MLOps\mlops-ci-cd-wine\actions-runner\actions-runner\.runner'
[2025-09-14 13:48:43Z INFO ConfigurationStore] ConfigFilePath: D:\A Teknik Informatika\TUGAS TIF\Semester 7\MLOps\mlops-ci-cd-wine\actions-runner\actions-runner\.runner
[2025-09-14 13:48:43Z INFO HostContext] Well known directory 'Bin': 'D:\A Teknik Informatika\TUGAS TIF\Semester 7\MLOps\mlops-ci-cd-wine\actions-runner\actions-runner\bin'
[2025-09-14 13:48:43Z INFO HostContext] Well known directory 'Root': 'D:\A Teknik Informatika\TUGAS TIF\Semester 7\MLOps\mlops-ci-cd-wine\actions-runner\actions-runner'
[2025-09-14 13:48:43Z INFO HostContext] Well known config file 'MigratedRunner': 'D:\A Teknik Informatika\TUGAS TIF\Semester 7\MLOps\mlops-ci-cd-wine\actions-runner\actions-runner\.runner_migrated'
[2025-09-14 13:48:43Z INFO ConfigurationStore] MigratedConfigFilePath: D:\A Teknik Informatika\TUGAS TIF\Semester 7\MLOps\mlops-ci-cd-wine\actions-runner\actions-runner\.runner_migrated
[2025-09-14 13:48:43Z INFO HostContext] Well known directory 'Bin': 'D:\A Teknik Informatika\TUGAS TIF\Semester 7\MLOps\mlops-ci-cd-wine\actions-runner\actions-runner\bin'
[2025-09-14 13:48:43Z INFO HostContext] Well known directory 'Root': 'D:\A Teknik Informatika\TUGAS TIF\Semester 7\MLOps\mlops-ci-cd-wine\actions-runner\actions-runner'
[2025-09-14 13:48:43Z INFO HostContext] Well known config file 'Credentials': 'D:\A Teknik Informatika\TUGAS TIF\Semester 7\MLOps\mlops-ci-cd-wine\actions-runner\actions-runner\.credentials'
[2025-09-14 13:48:43Z INFO ConfigurationStore] CredFilePath: D:\A Teknik Informatika\TUGAS TIF\Semester 7\MLOps\mlops-ci-cd-wine\actions-runner\actions-runner\.credentials
[2025-09-14 13:48:43Z INFO HostContext] Well known directory 'Bin': 'D:\A Teknik Informatika\TUGAS TIF\Semester 7\MLOps\mlops-ci-cd-wine\actions-runner\actions-runner\bin'
[2025-09-14 13:48:43Z INFO HostContext] Well known directory 'Root': 'D:\A Teknik Informatika\TUGAS TIF\Semester 7\MLOps\mlops-ci-cd-wine\actions-runner\actions-runner'
[2025-09-14 13:48:43Z INFO HostContext] Well known config file 'MigratedCredentials': 'D:\A Teknik Informatika\TUGAS TIF\Semester 7\MLOps\mlops-ci-cd-wine\actions-runner\actions-runner\.credentials_migrated'
[2025-09-14 13:48:43Z INFO ConfigurationStore] MigratedCredFilePath: D:\A Teknik Informatika\TUGAS TIF\Semester 7\MLOps\mlops-ci-cd-wine\actions-runner\actions-runner\.credentials_migrated
[2025-09-14 13:48:43Z INFO HostContext] Well known directory 'Bin': 'D:\A Teknik Informatika\TUGAS TIF\Semester 7\MLOps\mlops-ci-cd-wine\actions-runner\actions-runner\bin'
[2025-09-14 13:48:43Z INFO HostContext] Well known directory 'Root': 'D:\A Teknik Informatika\TUGAS TIF\Semester 7\MLOps\mlops-ci-cd-wine\actions-runner\actions-runner'
[2025-09-14 13:48:43Z INFO HostContext] Well known config file 'Service': 'D:\A Teknik Informatika\TUGAS TIF\Semester 7\MLOps\mlops-ci-cd-wine\actions-runner\actions-runner\.service'
[2025-09-14 13:48:43Z INFO ConfigurationStore] ServiceConfigFilePath: D:\A Teknik Informatika\TUGAS TIF\Semester 7\MLOps\mlops-ci-cd-wine\actions-runner\actions-runner\.service
[2025-09-14 13:48:43Z INFO CommandSettings] Flag 'help': 'False'
[2025-09-14 13:48:43Z INFO CommandSettings] Flag 'version': 'False'
[2025-09-14 13:48:43Z INFO CommandSettings] Flag 'commit': 'False'
[2025-09-14 13:48:43Z INFO CommandSettings] Flag 'check': 'False'
[2025-09-14 13:48:43Z INFO CommandSettings] Command 'configure': 'False'
[2025-09-14 13:48:43Z INFO CommandSettings] Command 'remove': 'False'
[2025-09-14 13:48:43Z INFO CommandSettings] Command 'warmup': 'False'
[2025-09-14 13:48:43Z INFO ConfigurationManager] LoadSettings
[2025-09-14 13:48:43Z INFO ConfigurationStore] IsConfigured()
[2025-09-14 13:48:43Z INFO ConfigurationStore] IsConfigured: True
[2025-09-14 13:48:43Z INFO ConfigurationManager] Is configured: True
[2025-09-14 13:48:43Z INFO ConfigurationStore] Read setting file: 404 chars
[2025-09-14 13:48:43Z INFO ConfigurationManager] Settings Loaded
[2025-09-14 13:48:43Z INFO ConfigurationStore] IsServiceConfigured()
[2025-09-14 13:48:43Z INFO ConfigurationStore] IsServiceConfigured: True
[2025-09-14 13:48:43Z INFO CommandSettings] Command 'run': 'True'
[2025-09-14 13:48:43Z INFO ConfigurationStore] IsConfigured()
[2025-09-14 13:48:43Z INFO ConfigurationStore] IsConfigured: True
[2025-09-14 13:48:43Z INFO ConfigurationManager] Is configured: True
[2025-09-14 13:48:43Z INFO Runner] Set runner startup type - Service
[2025-09-14 13:48:43Z INFO CommandSettings] Flag 'once': 'False'
[2025-09-14 13:48:43Z INFO CommandSettings] Flag 'once': 'False'
[2025-09-14 13:48:43Z INFO Runner] RunAsync
[2025-09-14 13:48:43Z INFO ConfigurationManager] LoadMigratedSettings
[2025-09-14 13:48:43Z INFO ConfigurationStore] IsMigratedConfigured()
[2025-09-14 13:48:43Z INFO ConfigurationStore] IsMigratedConfigured: False
[2025-09-14 13:48:43Z INFO Runner] Failed to load migrated settings: No migrated configuration found.
[2025-09-14 13:48:43Z INFO Runner] Falling back to original .runner settings
[2025-09-14 13:48:43Z INFO Runner] Using BrokerMessageListener
[2025-09-14 13:48:43Z INFO BrokerMessageListener] Using provided settings
[2025-09-14 13:48:43Z INFO BrokerMessageListener] {
  "AgentId": 22,
  "AgentName": "ANAND-DELL",
  "PoolId": 1,
  "PoolName": "Default",
  "ServerUrl": "https://pipelinesghubeus14.actions.githubusercontent.com/WJ4Iv9hZ4NLfDLEEqydUjoM2P5PHNQVqZubXsvWOkNH4rDB9p2/",
  "GitHubUrl": "https://github.com/Paramaananda/mlops-ci-cd-wine",
  "WorkFolder": "_work",
  "UseV2Flow": true,
  "ServerUrlV2": "https://broker.actions.githubusercontent.com/"
}
[2025-09-14 13:48:43Z INFO BrokerMessageListener] Loading Credentials
[2025-09-14 13:48:43Z INFO ConfigurationStore] HasCredentials()
[2025-09-14 13:48:43Z INFO ConfigurationStore] stored True
[2025-09-14 13:48:43Z INFO CredentialManager] GetCredentialProvider
[2025-09-14 13:48:43Z INFO CredentialManager] Creating type OAuth
[2025-09-14 13:48:43Z INFO CredentialManager] Creating credential type: OAuth
[2025-09-14 13:48:43Z INFO HostContext] Well known directory 'Bin': 'D:\A Teknik Informatika\TUGAS TIF\Semester 7\MLOps\mlops-ci-cd-wine\actions-runner\actions-runner\bin'
[2025-09-14 13:48:43Z INFO HostContext] Well known directory 'Root': 'D:\A Teknik Informatika\TUGAS TIF\Semester 7\MLOps\mlops-ci-cd-wine\actions-runner\actions-runner'
[2025-09-14 13:48:43Z INFO HostContext] Well known config file 'RSACredentials': 'D:\A Teknik Informatika\TUGAS TIF\Semester 7\MLOps\mlops-ci-cd-wine\actions-runner\actions-runner\.credentials_rsaparams'
[2025-09-14 13:48:43Z INFO RSAEncryptedFileKeyManager] Loading RSA key parameters from file D:\A Teknik Informatika\TUGAS TIF\Semester 7\MLOps\mlops-ci-cd-wine\actions-runner\actions-runner\.credentials_rsaparams
[2025-09-14 13:48:43Z INFO BrokerMessageListener] Attempt to create session.
[2025-09-14 13:48:43Z INFO BrokerMessageListener] Connecting to the Broker Server...
[2025-09-14 13:48:43Z INFO ConfigurationStore] HasCredentials()
[2025-09-14 13:48:43Z INFO ConfigurationStore] stored True
[2025-09-14 13:48:43Z INFO CredentialManager] GetCredentialProvider
[2025-09-14 13:48:43Z INFO CredentialManager] Creating type OAuth
[2025-09-14 13:48:43Z INFO CredentialManager] Creating credential type: OAuth
[2025-09-14 13:48:43Z INFO RSAEncryptedFileKeyManager] Loading RSA key parameters from file D:\A Teknik Informatika\TUGAS TIF\Semester 7\MLOps\mlops-ci-cd-wine\actions-runner\actions-runner\.credentials_rsaparams
[2025-09-14 13:48:43Z INFO BrokerMessageListener] VssConnection created
[2025-09-14 13:48:43Z INFO BrokerMessageListener] Connecting to the Runner server...
[2025-09-14 13:48:43Z INFO RunnerServer] EstablishVssConnection
[2025-09-14 13:48:43Z INFO RunnerServer] Establish connection with 100 seconds timeout.
[2025-09-14 13:48:43Z INFO GitHubActionsService] Starting operation Location.GetConnectionData
[2025-09-14 13:48:43Z INFO RunnerServer] EstablishVssConnection
[2025-09-14 13:48:43Z INFO RunnerServer] Establish connection with 60 seconds timeout.
[2025-09-14 13:48:43Z INFO GitHubActionsService] Starting operation Location.GetConnectionData
[2025-09-14 13:48:43Z INFO RunnerServer] EstablishVssConnection
[2025-09-14 13:48:43Z INFO RunnerServer] Establish connection with 60 seconds timeout.
[2025-09-14 13:48:43Z INFO GitHubActionsService] Starting operation Location.GetConnectionData
