[2025-09-14 13:42:04Z INFO HostContext] No proxy settings were found based on environmental variables (http_proxy/https_proxy/HTTP_PROXY/HTTPS_PROXY)
[2025-09-14 13:42:04Z INFO HostContext] Well known directory 'Bin': 'D:\A Teknik Informatika\TUGAS TIF\Semester 7\MLOps\mlops-ci-cd-wine\actions-runner\actions-runner\bin'
[2025-09-14 13:42:04Z INFO HostContext] Well known directory 'Root': 'D:\A Teknik Informatika\TUGAS TIF\Semester 7\MLOps\mlops-ci-cd-wine\actions-runner\actions-runner'
[2025-09-14 13:42:04Z INFO HostContext] Well known config file 'Credentials': 'D:\A Teknik Informatika\TUGAS TIF\Semester 7\MLOps\mlops-ci-cd-wine\actions-runner\actions-runner\.credentials'
[2025-09-14 13:42:04Z INFO HostContext] Well known directory 'Bin': 'D:\A Teknik Informatika\TUGAS TIF\Semester 7\MLOps\mlops-ci-cd-wine\actions-runner\actions-runner\bin'
[2025-09-14 13:42:04Z INFO HostContext] Well known directory 'Root': 'D:\A Teknik Informatika\TUGAS TIF\Semester 7\MLOps\mlops-ci-cd-wine\actions-runner\actions-runner'
[2025-09-14 13:42:04Z INFO HostContext] Well known config file 'Runner': 'D:\A Teknik Informatika\TUGAS TIF\Semester 7\MLOps\mlops-ci-cd-wine\actions-runner\actions-runner\.runner'
[2025-09-14 13:42:04Z INFO Listener] Runner is built for Windows (X64) - win-x64.
[2025-09-14 13:42:04Z INFO Listener] RuntimeInformation: Microsoft Windows 10.0.26100.
[2025-09-14 13:42:04Z INFO Listener] Version: 2.328.0
[2025-09-14 13:42:04Z INFO Listener] Commit: 6f9a9110adce65f44ca6f7c0ae142b9cc6af937b
[2025-09-14 13:42:04Z INFO Listener] Culture: en-US
[2025-09-14 13:42:04Z INFO Listener] UI Culture: en-US
[2025-09-14 13:42:04Z INFO HostContext] Well known directory 'Bin': 'D:\A Teknik Informatika\TUGAS TIF\Semester 7\MLOps\mlops-ci-cd-wine\actions-runner\actions-runner\bin'
[2025-09-14 13:42:04Z INFO HostContext] Well known directory 'Root': 'D:\A Teknik Informatika\TUGAS TIF\Semester 7\MLOps\mlops-ci-cd-wine\actions-runner\actions-runner'
[2025-09-14 13:42:04Z INFO Listener] Validating directory permissions for: 'D:\A Teknik Informatika\TUGAS TIF\Semester 7\MLOps\mlops-ci-cd-wine\actions-runner\actions-runner'
[2025-09-14 13:42:04Z INFO CommandLineParser] Parse
[2025-09-14 13:42:04Z INFO CommandLineParser] Parsing 1 args
[2025-09-14 13:42:04Z INFO CommandLineParser] parsing argument
[2025-09-14 13:42:04Z INFO CommandLineParser] HasArgs: False
[2025-09-14 13:42:04Z INFO CommandLineParser] Adding Command: remove
[2025-09-14 13:42:04Z INFO Listener] Arguments parsed
[2025-09-14 13:42:04Z INFO Runner] ExecuteCommand
[2025-09-14 13:42:04Z INFO ConfigurationStore] currentAssemblyLocation: D:\A Teknik Informatika\TUGAS TIF\Semester 7\MLOps\mlops-ci-cd-wine\actions-runner\actions-runner\bin\Runner.Listener.dll
[2025-09-14 13:42:04Z INFO HostContext] Well known directory 'Bin': 'D:\A Teknik Informatika\TUGAS TIF\Semester 7\MLOps\mlops-ci-cd-wine\actions-runner\actions-runner\bin'
[2025-09-14 13:42:04Z INFO ConfigurationStore] binPath: D:\A Teknik Informatika\TUGAS TIF\Semester 7\MLOps\mlops-ci-cd-wine\actions-runner\actions-runner\bin
[2025-09-14 13:42:04Z INFO HostContext] Well known directory 'Bin': 'D:\A Teknik Informatika\TUGAS TIF\Semester 7\MLOps\mlops-ci-cd-wine\actions-runner\actions-runner\bin'
[2025-09-14 13:42:04Z INFO HostContext] Well known directory 'Root': 'D:\A Teknik Informatika\TUGAS TIF\Semester 7\MLOps\mlops-ci-cd-wine\actions-runner\actions-runner'
[2025-09-14 13:42:04Z INFO ConfigurationStore] RootFolder: D:\A Teknik Informatika\TUGAS TIF\Semester 7\MLOps\mlops-ci-cd-wine\actions-runner\actions-runner
[2025-09-14 13:42:04Z INFO HostContext] Well known directory 'Bin': 'D:\A Teknik Informatika\TUGAS TIF\Semester 7\MLOps\mlops-ci-cd-wine\actions-runner\actions-runner\bin'
[2025-09-14 13:42:04Z INFO HostContext] Well known directory 'Root': 'D:\A Teknik Informatika\TUGAS TIF\Semester 7\MLOps\mlops-ci-cd-wine\actions-runner\actions-runner'
[2025-09-14 13:42:04Z INFO HostContext] Well known config file 'Runner': 'D:\A Teknik Informatika\TUGAS TIF\Semester 7\MLOps\mlops-ci-cd-wine\actions-runner\actions-runner\.runner'
[2025-09-14 13:42:04Z INFO ConfigurationStore] ConfigFilePath: D:\A Teknik Informatika\TUGAS TIF\Semester 7\MLOps\mlops-ci-cd-wine\actions-runner\actions-runner\.runner
[2025-09-14 13:42:04Z INFO HostContext] Well known directory 'Bin': 'D:\A Teknik Informatika\TUGAS TIF\Semester 7\MLOps\mlops-ci-cd-wine\actions-runner\actions-runner\bin'
[2025-09-14 13:42:04Z INFO HostContext] Well known directory 'Root': 'D:\A Teknik Informatika\TUGAS TIF\Semester 7\MLOps\mlops-ci-cd-wine\actions-runner\actions-runner'
[2025-09-14 13:42:04Z INFO HostContext] Well known config file 'MigratedRunner': 'D:\A Teknik Informatika\TUGAS TIF\Semester 7\MLOps\mlops-ci-cd-wine\actions-runner\actions-runner\.runner_migrated'
[2025-09-14 13:42:04Z INFO ConfigurationStore] MigratedConfigFilePath: D:\A Teknik Informatika\TUGAS TIF\Semester 7\MLOps\mlops-ci-cd-wine\actions-runner\actions-runner\.runner_migrated
[2025-09-14 13:42:04Z INFO HostContext] Well known directory 'Bin': 'D:\A Teknik Informatika\TUGAS TIF\Semester 7\MLOps\mlops-ci-cd-wine\actions-runner\actions-runner\bin'
[2025-09-14 13:42:04Z INFO HostContext] Well known directory 'Root': 'D:\A Teknik Informatika\TUGAS TIF\Semester 7\MLOps\mlops-ci-cd-wine\actions-runner\actions-runner'
[2025-09-14 13:42:04Z INFO HostContext] Well known config file 'Credentials': 'D:\A Teknik Informatika\TUGAS TIF\Semester 7\MLOps\mlops-ci-cd-wine\actions-runner\actions-runner\.credentials'
[2025-09-14 13:42:04Z INFO ConfigurationStore] CredFilePath: D:\A Teknik Informatika\TUGAS TIF\Semester 7\MLOps\mlops-ci-cd-wine\actions-runner\actions-runner\.credentials
[2025-09-14 13:42:04Z INFO HostContext] Well known directory 'Bin': 'D:\A Teknik Informatika\TUGAS TIF\Semester 7\MLOps\mlops-ci-cd-wine\actions-runner\actions-runner\bin'
[2025-09-14 13:42:04Z INFO HostContext] Well known directory 'Root': 'D:\A Teknik Informatika\TUGAS TIF\Semester 7\MLOps\mlops-ci-cd-wine\actions-runner\actions-runner'
[2025-09-14 13:42:04Z INFO HostContext] Well known config file 'MigratedCredentials': 'D:\A Teknik Informatika\TUGAS TIF\Semester 7\MLOps\mlops-ci-cd-wine\actions-runner\actions-runner\.credentials_migrated'
[2025-09-14 13:42:04Z INFO ConfigurationStore] MigratedCredFilePath: D:\A Teknik Informatika\TUGAS TIF\Semester 7\MLOps\mlops-ci-cd-wine\actions-runner\actions-runner\.credentials_migrated
[2025-09-14 13:42:04Z INFO HostContext] Well known directory 'Bin': 'D:\A Teknik Informatika\TUGAS TIF\Semester 7\MLOps\mlops-ci-cd-wine\actions-runner\actions-runner\bin'
[2025-09-14 13:42:04Z INFO HostContext] Well known directory 'Root': 'D:\A Teknik Informatika\TUGAS TIF\Semester 7\MLOps\mlops-ci-cd-wine\actions-runner\actions-runner'
[2025-09-14 13:42:04Z INFO HostContext] Well known config file 'Service': 'D:\A Teknik Informatika\TUGAS TIF\Semester 7\MLOps\mlops-ci-cd-wine\actions-runner\actions-runner\.service'
[2025-09-14 13:42:04Z INFO ConfigurationStore] ServiceConfigFilePath: D:\A Teknik Informatika\TUGAS TIF\Semester 7\MLOps\mlops-ci-cd-wine\actions-runner\actions-runner\.service
[2025-09-14 13:42:04Z INFO CommandSettings] Flag 'help': 'False'
[2025-09-14 13:42:04Z INFO CommandSettings] Flag 'version': 'False'
[2025-09-14 13:42:04Z INFO CommandSettings] Flag 'commit': 'False'
[2025-09-14 13:42:04Z INFO CommandSettings] Flag 'check': 'False'
[2025-09-14 13:42:04Z INFO CommandSettings] Command 'configure': 'False'
[2025-09-14 13:42:04Z INFO CommandSettings] Command 'remove': 'True'
[2025-09-14 13:42:04Z INFO CommandSettings] Flag 'local': 'False'
[2025-09-14 13:42:04Z INFO ConfigurationStore] IsServiceConfigured()
[2025-09-14 13:42:04Z INFO ConfigurationStore] IsServiceConfigured: False
[2025-09-14 13:42:04Z INFO ConfigurationStore] IsConfigured()
[2025-09-14 13:42:04Z INFO ConfigurationStore] IsConfigured: True
[2025-09-14 13:42:04Z INFO ConfigurationStore] HasCredentials()
[2025-09-14 13:42:04Z INFO ConfigurationStore] stored True
[2025-09-14 13:42:04Z INFO ConfigurationStore] Read setting file: 404 chars
[2025-09-14 13:42:04Z INFO CommandSettings] Arg 'token': ''
[2025-09-14 13:42:04Z INFO CommandSettings] Flag 'unattended': 'False'
[2025-09-14 13:42:04Z INFO PromptManager] ReadValue
[2025-09-14 13:42:04Z INFO Terminal] WRITE: Enter runner remove token: 
[2025-09-14 13:42:04Z INFO Terminal] READ SECRET
[2025-09-14 13:42:19Z INFO Terminal] Read value: '***'
[2025-09-14 13:42:19Z ERR  Terminal] WRITE ERROR: Http response code: Forbidden from 'Delete https://api.github.com/repos/Paramaananda/mlops-ci-cd-wine/actions/runners/21' (Request Id: 17A3:229BEE:41ECFA:52A719:68C6C63B)
[2025-09-14 13:42:19Z ERR  Terminal] WRITE ERROR: {"message":"You must have repository write permissions or have the repository runners fine-grained permission.","documentation_url":"https://docs.github.com/rest/actions/self-hosted-runners#delete-a-self-hosted-runner-from-a-repository","status":"403"}
[2025-09-14 13:42:19Z ERR  RunnerDotcomServer] Failed to delete agent -- Attempt: 1
[2025-09-14 13:42:19Z ERR  RunnerDotcomServer] System.Net.Http.HttpRequestException: Response status code does not indicate success: 403 (Forbidden).
   at System.Net.Http.HttpResponseMessage.EnsureSuccessStatusCode()
   at GitHub.Runner.Common.RunnerDotcomServer.RetryRequest[T](String githubApiUrl, String githubToken, RequestType requestType, Int32 maxRetryAttemptsCount, String errorMessage, StringContent body)
[2025-09-14 13:42:19Z INFO RunnerDotcomServer] Retrying in 2 seconds
[2025-09-14 13:42:22Z ERR  Terminal] WRITE ERROR: Http response code: Forbidden from 'Delete https://api.github.com/repos/Paramaananda/mlops-ci-cd-wine/actions/runners/21' (Request Id: 17A4:3424E5:EC636B:12C3D13:68C6C63E)
[2025-09-14 13:42:22Z ERR  Terminal] WRITE ERROR: {"message":"You must have repository write permissions or have the repository runners fine-grained permission.","documentation_url":"https://docs.github.com/rest/actions/self-hosted-runners#delete-a-self-hosted-runner-from-a-repository","status":"403"}
[2025-09-14 13:42:22Z ERR  RunnerDotcomServer] Failed to delete agent -- Attempt: 2
[2025-09-14 13:42:22Z ERR  RunnerDotcomServer] System.Net.Http.HttpRequestException: Response status code does not indicate success: 403 (Forbidden).
   at System.Net.Http.HttpResponseMessage.EnsureSuccessStatusCode()
   at GitHub.Runner.Common.RunnerDotcomServer.RetryRequest[T](String githubApiUrl, String githubToken, RequestType requestType, Int32 maxRetryAttemptsCount, String errorMessage, StringContent body)
[2025-09-14 13:42:22Z INFO RunnerDotcomServer] Retrying in 1 seconds
[2025-09-14 13:42:24Z ERR  Terminal] WRITE ERROR: Http response code: Forbidden from 'Delete https://api.github.com/repos/Paramaananda/mlops-ci-cd-wine/actions/runners/21' (Request Id: 17BB:194F26:EA7FF3:12A55EB:68C6C63F)
[2025-09-14 13:42:24Z ERR  Terminal] WRITE ERROR: {"message":"You must have repository write permissions or have the repository runners fine-grained permission.","documentation_url":"https://docs.github.com/rest/actions/self-hosted-runners#delete-a-self-hosted-runner-from-a-repository","status":"403"}
[2025-09-14 13:42:24Z ERR  Terminal] WRITE ERROR: Failed: Removing runner from the server
[2025-09-14 13:42:24Z ERR  Runner] System.Net.Http.HttpRequestException: Response status code does not indicate success: 403 (Forbidden).
   at System.Net.Http.HttpResponseMessage.EnsureSuccessStatusCode()
   at GitHub.Runner.Common.RunnerDotcomServer.RetryRequest[T](String githubApiUrl, String githubToken, RequestType requestType, Int32 maxRetryAttemptsCount, String errorMessage, StringContent body)
   at GitHub.Runner.Common.RunnerDotcomServer.DeleteRunnerAsync(String githubUrl, String githubToken, UInt64 runnerId)
   at GitHub.Runner.Listener.Configuration.ConfigurationManager.UnconfigureAsync(CommandSettings command)
   at GitHub.Runner.Listener.Runner.ExecuteCommand(CommandSettings command)
[2025-09-14 13:42:24Z ERR  Terminal] WRITE ERROR: Response status code does not indicate success: 403 (Forbidden).
[2025-09-14 13:42:24Z INFO Listener] Runner execution has finished with return code 1
